{"C:\\Users\\Matevosyan\\Desktop\\task-management\\config\\config.js": {"path":"C:\\Users\\Matevosyan\\Desktop\\task-management\\config\\config.js","statementMap":{"0":{"start":{"line":1,"column":0},"end":{"line":1,"column":27}},"1":{"start":{"line":3,"column":0},"end":{"line":22,"column":2}}},"fnMap":{},"branchMap":{},"s":{"0":1,"1":1},"f":{},"b":{},"_coverageSchema":"1a1c01bbd47fc00a2c39e90264f33305004495a9","hash":"0c1982b102b4d766d0d5ac61c1d43a68ee9a18f8"}
,"C:\\Users\\Matevosyan\\Desktop\\task-management\\controlers\\auth\\index.js": {"path":"C:\\Users\\Matevosyan\\Desktop\\task-management\\controlers\\auth\\index.js","statementMap":{"0":{"start":{"line":1,"column":16},"end":{"line":1,"column":47}},"1":{"start":{"line":2,"column":22},"end":{"line":2,"column":60}},"2":{"start":{"line":3,"column":23},"end":{"line":3,"column":55}},"3":{"start":{"line":5,"column":12},"end":{"line":5,"column":35}},"4":{"start":{"line":6,"column":15},"end":{"line":6,"column":32}},"5":{"start":{"line":8,"column":34},"end":{"line":8,"column":57}},"6":{"start":{"line":10,"column":16},"end":{"line":46,"column":1}},"7":{"start":{"line":11,"column":2},"end":{"line":45,"column":3}},"8":{"start":{"line":12,"column":21},"end":{"line":12,"column":24}},"9":{"start":{"line":13,"column":22},"end":{"line":13,"column":55}},"10":{"start":{"line":15,"column":4},"end":{"line":19,"column":5}},"11":{"start":{"line":16,"column":6},"end":{"line":18,"column":9}},"12":{"start":{"line":21,"column":25},"end":{"line":25,"column":6}},"13":{"start":{"line":27,"column":4},"end":{"line":31,"column":5}},"14":{"start":{"line":28,"column":6},"end":{"line":30,"column":9}},"15":{"start":{"line":32,"column":17},"end":{"line":32,"column":40}},"16":{"start":{"line":34,"column":4},"end":{"line":37,"column":7}},"17":{"start":{"line":39,"column":4},"end":{"line":39,"column":21}},"18":{"start":{"line":40,"column":4},"end":{"line":40,"column":75}},"19":{"start":{"line":42,"column":4},"end":{"line":44,"column":7}},"20":{"start":{"line":48,"column":17},"end":{"line":129,"column":1}},"21":{"start":{"line":50,"column":2},"end":{"line":128,"column":3}},"22":{"start":{"line":51,"column":17},"end":{"line":51,"column":31}},"23":{"start":{"line":52,"column":22},"end":{"line":52,"column":49}},"24":{"start":{"line":54,"column":4},"end":{"line":58,"column":5}},"25":{"start":{"line":55,"column":6},"end":{"line":57,"column":9}},"26":{"start":{"line":59,"column":4},"end":{"line":59,"column":69}},"27":{"start":{"line":61,"column":25},"end":{"line":64,"column":6}},"28":{"start":{"line":66,"column":4},"end":{"line":71,"column":5}},"29":{"start":{"line":67,"column":6},"end":{"line":67,"column":35}},"30":{"start":{"line":68,"column":6},"end":{"line":70,"column":9}},"31":{"start":{"line":73,"column":25},"end":{"line":73,"column":74}},"32":{"start":{"line":75,"column":4},"end":{"line":80,"column":5}},"33":{"start":{"line":76,"column":6},"end":{"line":76,"column":35}},"34":{"start":{"line":77,"column":6},"end":{"line":79,"column":9}},"35":{"start":{"line":82,"column":17},"end":{"line":82,"column":41}},"36":{"start":{"line":83,"column":21},"end":{"line":83,"column":59}},"37":{"start":{"line":84,"column":24},"end":{"line":84,"column":41}},"38":{"start":{"line":86,"column":17},"end":{"line":93,"column":5}},"39":{"start":{"line":95,"column":18},"end":{"line":102,"column":5}},"40":{"start":{"line":104,"column":4},"end":{"line":109,"column":7}},"41":{"start":{"line":110,"column":4},"end":{"line":110,"column":31}},"42":{"start":{"line":112,"column":4},"end":{"line":118,"column":7}},"43":{"start":{"line":120,"column":4},"end":{"line":120,"column":21}},"44":{"start":{"line":121,"column":4},"end":{"line":121,"column":76}},"45":{"start":{"line":122,"column":4},"end":{"line":124,"column":5}},"46":{"start":{"line":123,"column":6},"end":{"line":123,"column":35}},"47":{"start":{"line":125,"column":4},"end":{"line":127,"column":7}},"48":{"start":{"line":131,"column":14},"end":{"line":189,"column":1}},"49":{"start":{"line":132,"column":2},"end":{"line":188,"column":3}},"50":{"start":{"line":133,"column":17},"end":{"line":133,"column":31}},"51":{"start":{"line":135,"column":22},"end":{"line":135,"column":43}},"52":{"start":{"line":137,"column":4},"end":{"line":141,"column":5}},"53":{"start":{"line":138,"column":6},"end":{"line":140,"column":9}},"54":{"start":{"line":143,"column":15},"end":{"line":148,"column":6}},"55":{"start":{"line":150,"column":4},"end":{"line":155,"column":5}},"56":{"start":{"line":151,"column":6},"end":{"line":151,"column":61}},"57":{"start":{"line":152,"column":6},"end":{"line":154,"column":9}},"58":{"start":{"line":157,"column":26},"end":{"line":157,"column":76}},"59":{"start":{"line":159,"column":4},"end":{"line":164,"column":5}},"60":{"start":{"line":160,"column":6},"end":{"line":160,"column":61}},"61":{"start":{"line":161,"column":6},"end":{"line":163,"column":9}},"62":{"start":{"line":165,"column":18},"end":{"line":172,"column":5}},"63":{"start":{"line":174,"column":4},"end":{"line":180,"column":7}},"64":{"start":{"line":182,"column":4},"end":{"line":182,"column":73}},"65":{"start":{"line":183,"column":4},"end":{"line":183,"column":21}},"66":{"start":{"line":185,"column":4},"end":{"line":187,"column":7}},"67":{"start":{"line":191,"column":0},"end":{"line":191,"column":46}}},"fnMap":{"0":{"name":"(anonymous_0)","decl":{"start":{"line":10,"column":16},"end":{"line":10,"column":17}},"loc":{"start":{"line":10,"column":36},"end":{"line":46,"column":1}},"line":10},"1":{"name":"(anonymous_1)","decl":{"start":{"line":48,"column":17},"end":{"line":48,"column":18}},"loc":{"start":{"line":48,"column":37},"end":{"line":129,"column":1}},"line":48},"2":{"name":"(anonymous_2)","decl":{"start":{"line":131,"column":14},"end":{"line":131,"column":15}},"loc":{"start":{"line":131,"column":34},"end":{"line":189,"column":1}},"line":131}},"branchMap":{"0":{"loc":{"start":{"line":13,"column":44},"end":{"line":13,"column":54}},"type":"binary-expr","locations":[{"start":{"line":13,"column":44},"end":{"line":13,"column":48}},{"start":{"line":13,"column":52},"end":{"line":13,"column":54}}],"line":13},"1":{"loc":{"start":{"line":15,"column":4},"end":{"line":19,"column":5}},"type":"if","locations":[{"start":{"line":15,"column":4},"end":{"line":19,"column":5}},{"start":{},"end":{}}],"line":15},"2":{"loc":{"start":{"line":27,"column":4},"end":{"line":31,"column":5}},"type":"if","locations":[{"start":{"line":27,"column":4},"end":{"line":31,"column":5}},{"start":{},"end":{}}],"line":27},"3":{"loc":{"start":{"line":51,"column":17},"end":{"line":51,"column":31}},"type":"binary-expr","locations":[{"start":{"line":51,"column":17},"end":{"line":51,"column":25}},{"start":{"line":51,"column":29},"end":{"line":51,"column":31}}],"line":51},"4":{"loc":{"start":{"line":54,"column":4},"end":{"line":58,"column":5}},"type":"if","locations":[{"start":{"line":54,"column":4},"end":{"line":58,"column":5}},{"start":{},"end":{}}],"line":54},"5":{"loc":{"start":{"line":66,"column":4},"end":{"line":71,"column":5}},"type":"if","locations":[{"start":{"line":66,"column":4},"end":{"line":71,"column":5}},{"start":{},"end":{}}],"line":66},"6":{"loc":{"start":{"line":75,"column":4},"end":{"line":80,"column":5}},"type":"if","locations":[{"start":{"line":75,"column":4},"end":{"line":80,"column":5}},{"start":{},"end":{}}],"line":75},"7":{"loc":{"start":{"line":122,"column":4},"end":{"line":124,"column":5}},"type":"if","locations":[{"start":{"line":122,"column":4},"end":{"line":124,"column":5}},{"start":{},"end":{}}],"line":122},"8":{"loc":{"start":{"line":133,"column":17},"end":{"line":133,"column":31}},"type":"binary-expr","locations":[{"start":{"line":133,"column":17},"end":{"line":133,"column":25}},{"start":{"line":133,"column":29},"end":{"line":133,"column":31}}],"line":133},"9":{"loc":{"start":{"line":137,"column":4},"end":{"line":141,"column":5}},"type":"if","locations":[{"start":{"line":137,"column":4},"end":{"line":141,"column":5}},{"start":{},"end":{}}],"line":137},"10":{"loc":{"start":{"line":150,"column":4},"end":{"line":155,"column":5}},"type":"if","locations":[{"start":{"line":150,"column":4},"end":{"line":155,"column":5}},{"start":{},"end":{}}],"line":150},"11":{"loc":{"start":{"line":159,"column":4},"end":{"line":164,"column":5}},"type":"if","locations":[{"start":{"line":159,"column":4},"end":{"line":164,"column":5}},{"start":{},"end":{}}],"line":159}},"s":{"0":1,"1":1,"2":1,"3":1,"4":1,"5":1,"6":1,"7":0,"8":0,"9":0,"10":0,"11":0,"12":0,"13":0,"14":0,"15":0,"16":0,"17":0,"18":0,"19":0,"20":1,"21":0,"22":0,"23":0,"24":0,"25":0,"26":0,"27":0,"28":0,"29":0,"30":0,"31":0,"32":0,"33":0,"34":0,"35":0,"36":0,"37":0,"38":0,"39":0,"40":0,"41":0,"42":0,"43":0,"44":0,"45":0,"46":0,"47":0,"48":1,"49":5,"50":5,"51":5,"52":5,"53":1,"54":4,"55":3,"56":1,"57":1,"58":2,"59":2,"60":1,"61":1,"62":1,"63":1,"64":1,"65":1,"66":1,"67":1},"f":{"0":0,"1":0,"2":5},"b":{"0":[0,0],"1":[0,0],"2":[0,0],"3":[0,0],"4":[0,0],"5":[0,0],"6":[0,0],"7":[0,0],"8":[5,0],"9":[1,4],"10":[1,2],"11":[1,1]},"_coverageSchema":"1a1c01bbd47fc00a2c39e90264f33305004495a9","hash":"c85e8b7d72145d9f1acc47b4351c5ebf44ac8e0e"}
,"C:\\Users\\Matevosyan\\Desktop\\task-management\\helpers\\generateToken.js": {"path":"C:\\Users\\Matevosyan\\Desktop\\task-management\\helpers\\generateToken.js","statementMap":{"0":{"start":{"line":1,"column":0},"end":{"line":10,"column":2}},"1":{"start":{"line":2,"column":15},"end":{"line":2,"column":17}},"2":{"start":{"line":4,"column":4},"end":{"line":4,"column":68}},"3":{"start":{"line":5,"column":25},"end":{"line":5,"column":42}},"4":{"start":{"line":6,"column":2},"end":{"line":8,"column":3}},"5":{"start":{"line":6,"column":15},"end":{"line":6,"column":16}},"6":{"start":{"line":7,"column":4},"end":{"line":7,"column":78}},"7":{"start":{"line":9,"column":2},"end":{"line":9,"column":16}}},"fnMap":{"0":{"name":"generateToken","decl":{"start":{"line":1,"column":26},"end":{"line":1,"column":39}},"loc":{"start":{"line":1,"column":48},"end":{"line":10,"column":1}},"line":1}},"branchMap":{},"s":{"0":1,"1":0,"2":0,"3":0,"4":0,"5":0,"6":0,"7":0},"f":{"0":0},"b":{},"_coverageSchema":"1a1c01bbd47fc00a2c39e90264f33305004495a9","hash":"d9f5b203f8aac645ed780c44715c6d7b2bb645b3"}
,"C:\\Users\\Matevosyan\\Desktop\\task-management\\helpers\\logger.js": {"path":"C:\\Users\\Matevosyan\\Desktop\\task-management\\helpers\\logger.js","statementMap":{"0":{"start":{"line":1,"column":45},"end":{"line":1,"column":63}},"1":{"start":{"line":2,"column":24},"end":{"line":2,"column":60}},"2":{"start":{"line":4,"column":18},"end":{"line":9,"column":1}},"3":{"start":{"line":7,"column":4},"end":{"line":7,"column":48}},"4":{"start":{"line":11,"column":27},"end":{"line":19,"column":2}},"5":{"start":{"line":21,"column":26},"end":{"line":29,"column":2}},"6":{"start":{"line":31,"column":12},"end":{"line":33,"column":2}},"7":{"start":{"line":35,"column":0},"end":{"line":39,"column":2}},"8":{"start":{"line":41,"column":0},"end":{"line":43,"column":2}}},"fnMap":{"0":{"name":"(anonymous_0)","decl":{"start":{"line":6,"column":16},"end":{"line":6,"column":17}},"loc":{"start":{"line":6,"column":51},"end":{"line":8,"column":3}},"line":6}},"branchMap":{},"s":{"0":1,"1":1,"2":1,"3":0,"4":1,"5":1,"6":1,"7":1,"8":1},"f":{"0":0},"b":{},"_coverageSchema":"1a1c01bbd47fc00a2c39e90264f33305004495a9","hash":"276d62da5a25c858185d3a71213cbcade8ea39cf"}
,"C:\\Users\\Matevosyan\\Desktop\\task-management\\models\\index.js": {"path":"C:\\Users\\Matevosyan\\Desktop\\task-management\\models\\index.js","statementMap":{"0":{"start":{"line":3,"column":11},"end":{"line":3,"column":24}},"1":{"start":{"line":4,"column":13},"end":{"line":4,"column":28}},"2":{"start":{"line":5,"column":16},"end":{"line":5,"column":34}},"3":{"start":{"line":6,"column":18},"end":{"line":6,"column":38}},"4":{"start":{"line":7,"column":17},"end":{"line":7,"column":42}},"5":{"start":{"line":8,"column":12},"end":{"line":8,"column":57}},"6":{"start":{"line":9,"column":15},"end":{"line":9,"column":63}},"7":{"start":{"line":10,"column":11},"end":{"line":10,"column":13}},"8":{"start":{"line":13,"column":0},"end":{"line":22,"column":1}},"9":{"start":{"line":14,"column":2},"end":{"line":14,"column":74}},"10":{"start":{"line":16,"column":2},"end":{"line":21,"column":4}},"11":{"start":{"line":24,"column":0},"end":{"line":39,"column":5}},"12":{"start":{"line":26,"column":4},"end":{"line":31,"column":6}},"13":{"start":{"line":34,"column":18},"end":{"line":37,"column":5}},"14":{"start":{"line":38,"column":4},"end":{"line":38,"column":27}},"15":{"start":{"line":41,"column":0},"end":{"line":45,"column":3}},"16":{"start":{"line":42,"column":2},"end":{"line":44,"column":3}},"17":{"start":{"line":43,"column":4},"end":{"line":43,"column":32}},"18":{"start":{"line":47,"column":0},"end":{"line":47,"column":25}},"19":{"start":{"line":48,"column":0},"end":{"line":48,"column":25}},"20":{"start":{"line":50,"column":0},"end":{"line":50,"column":20}}},"fnMap":{"0":{"name":"(anonymous_0)","decl":{"start":{"line":25,"column":10},"end":{"line":25,"column":11}},"loc":{"start":{"line":25,"column":20},"end":{"line":32,"column":3}},"line":25},"1":{"name":"(anonymous_1)","decl":{"start":{"line":33,"column":11},"end":{"line":33,"column":12}},"loc":{"start":{"line":33,"column":21},"end":{"line":39,"column":3}},"line":33},"2":{"name":"(anonymous_2)","decl":{"start":{"line":41,"column":24},"end":{"line":41,"column":25}},"loc":{"start":{"line":41,"column":39},"end":{"line":45,"column":1}},"line":41}},"branchMap":{"0":{"loc":{"start":{"line":8,"column":12},"end":{"line":8,"column":57}},"type":"binary-expr","locations":[{"start":{"line":8,"column":12},"end":{"line":8,"column":40}},{"start":{"line":8,"column":44},"end":{"line":8,"column":57}}],"line":8},"1":{"loc":{"start":{"line":13,"column":0},"end":{"line":22,"column":1}},"type":"if","locations":[{"start":{"line":13,"column":0},"end":{"line":22,"column":1}},{"start":{"line":15,"column":7},"end":{"line":22,"column":1}}],"line":13},"2":{"loc":{"start":{"line":27,"column":6},"end":{"line":30,"column":37}},"type":"binary-expr","locations":[{"start":{"line":27,"column":6},"end":{"line":27,"column":29}},{"start":{"line":28,"column":6},"end":{"line":28,"column":23}},{"start":{"line":29,"column":6},"end":{"line":29,"column":30}},{"start":{"line":30,"column":6},"end":{"line":30,"column":37}}],"line":27},"3":{"loc":{"start":{"line":42,"column":2},"end":{"line":44,"column":3}},"type":"if","locations":[{"start":{"line":42,"column":2},"end":{"line":44,"column":3}},{"start":{},"end":{}}],"line":42}},"s":{"0":1,"1":1,"2":1,"3":1,"4":1,"5":1,"6":1,"7":1,"8":1,"9":0,"10":1,"11":1,"12":6,"13":5,"14":5,"15":1,"16":5,"17":5,"18":1,"19":1,"20":1},"f":{"0":6,"1":5,"2":5},"b":{"0":[1,1],"1":[0,1],"2":[6,6,5,5],"3":[5,0]},"_coverageSchema":"1a1c01bbd47fc00a2c39e90264f33305004495a9","hash":"1501f2cb24028240e2c4130954920f5ee238f4c4"}
,"C:\\Users\\Matevosyan\\Desktop\\task-management\\models\\kanban.js": {"path":"C:\\Users\\Matevosyan\\Desktop\\task-management\\models\\kanban.js","statementMap":{"0":{"start":{"line":2,"column":18},"end":{"line":2,"column":38}},"1":{"start":{"line":3,"column":0},"end":{"line":67,"column":2}},"2":{"start":{"line":6,"column":6},"end":{"line":6,"column":79}},"3":{"start":{"line":7,"column":6},"end":{"line":7,"column":67}},"4":{"start":{"line":8,"column":6},"end":{"line":8,"column":77}},"5":{"start":{"line":11,"column":2},"end":{"line":65,"column":4}},"6":{"start":{"line":66,"column":2},"end":{"line":66,"column":16}}},"fnMap":{"0":{"name":"(anonymous_0)","decl":{"start":{"line":3,"column":17},"end":{"line":3,"column":18}},"loc":{"start":{"line":3,"column":43},"end":{"line":67,"column":1}},"line":3},"1":{"name":"(anonymous_1)","decl":{"start":{"line":5,"column":4},"end":{"line":5,"column":5}},"loc":{"start":{"line":5,"column":59},"end":{"line":9,"column":5}},"line":5}},"branchMap":{},"s":{"0":1,"1":1,"2":1,"3":1,"4":1,"5":1,"6":1},"f":{"0":1,"1":1},"b":{},"_coverageSchema":"1a1c01bbd47fc00a2c39e90264f33305004495a9","hash":"a2a3bc90881b6180e9148611199b9d355dd882bc"}
,"C:\\Users\\Matevosyan\\Desktop\\task-management\\models\\kanbancolumn.js": {"path":"C:\\Users\\Matevosyan\\Desktop\\task-management\\models\\kanbancolumn.js","statementMap":{"0":{"start":{"line":2,"column":18},"end":{"line":2,"column":38}},"1":{"start":{"line":3,"column":0},"end":{"line":26,"column":2}},"2":{"start":{"line":6,"column":6},"end":{"line":6,"column":76}},"3":{"start":{"line":9,"column":2},"end":{"line":24,"column":4}},"4":{"start":{"line":25,"column":2},"end":{"line":25,"column":22}}},"fnMap":{"0":{"name":"(anonymous_0)","decl":{"start":{"line":3,"column":17},"end":{"line":3,"column":18}},"loc":{"start":{"line":3,"column":43},"end":{"line":26,"column":1}},"line":3},"1":{"name":"(anonymous_1)","decl":{"start":{"line":5,"column":4},"end":{"line":5,"column":5}},"loc":{"start":{"line":5,"column":33},"end":{"line":7,"column":5}},"line":5}},"branchMap":{},"s":{"0":1,"1":1,"2":1,"3":1,"4":1},"f":{"0":1,"1":1},"b":{},"_coverageSchema":"1a1c01bbd47fc00a2c39e90264f33305004495a9","hash":"76823b77ead35dda00c4ceea007f55172969f0d6"}
,"C:\\Users\\Matevosyan\\Desktop\\task-management\\models\\role.js": {"path":"C:\\Users\\Matevosyan\\Desktop\\task-management\\models\\role.js","statementMap":{"0":{"start":{"line":2,"column":18},"end":{"line":2,"column":38}},"1":{"start":{"line":3,"column":0},"end":{"line":20,"column":2}},"2":{"start":{"line":7,"column":2},"end":{"line":18,"column":4}},"3":{"start":{"line":19,"column":2},"end":{"line":19,"column":14}}},"fnMap":{"0":{"name":"(anonymous_0)","decl":{"start":{"line":3,"column":17},"end":{"line":3,"column":18}},"loc":{"start":{"line":3,"column":43},"end":{"line":20,"column":1}},"line":3},"1":{"name":"(anonymous_1)","decl":{"start":{"line":5,"column":4},"end":{"line":5,"column":5}},"loc":{"start":{"line":5,"column":23},"end":{"line":5,"column":25}},"line":5}},"branchMap":{},"s":{"0":1,"1":1,"2":1,"3":1},"f":{"0":1,"1":1},"b":{},"_coverageSchema":"1a1c01bbd47fc00a2c39e90264f33305004495a9","hash":"e864f616933a3e5927d6355626e818475460ada5"}
,"C:\\Users\\Matevosyan\\Desktop\\task-management\\models\\tasktracking.js": {"path":"C:\\Users\\Matevosyan\\Desktop\\task-management\\models\\tasktracking.js","statementMap":{"0":{"start":{"line":2,"column":18},"end":{"line":2,"column":38}},"1":{"start":{"line":3,"column":0},"end":{"line":50,"column":2}},"2":{"start":{"line":6,"column":6},"end":{"line":6,"column":75}},"3":{"start":{"line":9,"column":2},"end":{"line":48,"column":4}},"4":{"start":{"line":49,"column":2},"end":{"line":49,"column":22}}},"fnMap":{"0":{"name":"(anonymous_0)","decl":{"start":{"line":3,"column":17},"end":{"line":3,"column":18}},"loc":{"start":{"line":3,"column":43},"end":{"line":50,"column":1}},"line":3},"1":{"name":"(anonymous_1)","decl":{"start":{"line":5,"column":4},"end":{"line":5,"column":5}},"loc":{"start":{"line":5,"column":33},"end":{"line":7,"column":5}},"line":5}},"branchMap":{},"s":{"0":1,"1":1,"2":1,"3":1,"4":1},"f":{"0":1,"1":1},"b":{},"_coverageSchema":"1a1c01bbd47fc00a2c39e90264f33305004495a9","hash":"5a5e49e214586bf68e48f3c80b2ece5cb73e6337"}
,"C:\\Users\\Matevosyan\\Desktop\\task-management\\models\\user.js": {"path":"C:\\Users\\Matevosyan\\Desktop\\task-management\\models\\user.js","statementMap":{"0":{"start":{"line":2,"column":18},"end":{"line":2,"column":38}},"1":{"start":{"line":3,"column":0},"end":{"line":58,"column":2}},"2":{"start":{"line":9,"column":2},"end":{"line":56,"column":4}},"3":{"start":{"line":57,"column":2},"end":{"line":57,"column":14}}},"fnMap":{"0":{"name":"(anonymous_0)","decl":{"start":{"line":3,"column":17},"end":{"line":3,"column":18}},"loc":{"start":{"line":3,"column":43},"end":{"line":58,"column":1}},"line":3},"1":{"name":"(anonymous_1)","decl":{"start":{"line":5,"column":4},"end":{"line":5,"column":5}},"loc":{"start":{"line":5,"column":23},"end":{"line":7,"column":5}},"line":5}},"branchMap":{},"s":{"0":1,"1":1,"2":1,"3":1},"f":{"0":1,"1":1},"b":{},"_coverageSchema":"1a1c01bbd47fc00a2c39e90264f33305004495a9","hash":"cb1f983774fbcdecaafbca695e0080d997a35f34"}
}
